{"numFailedTestSuites":2,"numFailedTests":2,"numPassedTestSuites":29,"numPassedTests":29,"numPendingTestSuites":0,"numPendingTests":0,"numRuntimeErrorTestSuites":0,"numTodoTests":0,"numTotalTestSuites":31,"numTotalTests":31,"openHandles":[],"snapshot":{"added":0,"didUpdate":false,"failure":false,"filesAdded":0,"filesRemoved":0,"filesRemovedList":[],"filesUnmatched":0,"filesUpdated":0,"matched":0,"total":0,"unchecked":0,"uncheckedKeysByFile":[],"unmatched":0,"updated":0},"startTime":1753181059082,"success":false,"testResults":[{"assertionResults":[{"ancestorTitles":["GET https://api.beebus.live/trip-management/search/?lang=en"],"duration":447,"failing":false,"failureDetails":[{"matcherResult":{"actual":404,"expected":200,"message":"expect(received).toBe(expected) // Object.is equality\n\nExpected: 200\nReceived: 404","name":"toBe","pass":false}}],"failureMessages":["Error: expect(received).toBe(expected) // Object.is equality\n\nExpected: 200\nReceived: 404\n    at Object.toBe (J:\\workspace\\test-generator\\tests\\generated\\Search.test.js:10:24)\n    at processTicksAndRejections (node:internal/process/task_queues:105:5)"],"fullName":"GET https://api.beebus.live/trip-management/search/?lang=en should return status 200 and match expected structure","invocations":1,"location":null,"numPassingAsserts":0,"retryReasons":[],"startAt":1753181059348,"status":"failed","title":"should return status 200 and match expected structure"}],"endTime":1753181059809,"message":"  ● GET https://api.beebus.live/trip-management/search/?lang=en › should return status 200 and match expected structure\n\n    expect(received).toBe(expected) // Object.is equality\n\n    Expected: 200\n    Received: 404\n\n    \u001b[0m \u001b[90m  8 |\u001b[39m       \u001b[33m;\u001b[39m\n     \u001b[90m  9 |\u001b[39m\n    \u001b[31m\u001b[1m>\u001b[22m\u001b[39m\u001b[90m 10 |\u001b[39m     expect(res\u001b[33m.\u001b[39mstatus)\u001b[33m.\u001b[39mtoBe(\u001b[35m200\u001b[39m)\u001b[33m;\u001b[39m\n     \u001b[90m    |\u001b[39m                        \u001b[31m\u001b[1m^\u001b[22m\u001b[39m\n     \u001b[90m 11 |\u001b[39m     \n     \u001b[90m 12 |\u001b[39m   })\u001b[33m;\u001b[39m\n     \u001b[90m 13 |\u001b[39m })\u001b[33m;\u001b[39m\u001b[0m\n\n      at Object.toBe (tests/generated/Search.test.js:10:24)\n","name":"J:\\workspace\\test-generator\\tests\\generated\\Search.test.js","startTime":1753181059135,"status":"failed","summary":""},{"assertionResults":[{"ancestorTitles":["GET https://api.beebus.live/reports/tour-revenue-report?lang=en"],"duration":342,"failing":false,"failureDetails":[{"matcherResult":{"actual":500,"expected":200,"message":"expect(received).toBe(expected) // Object.is equality\n\nExpected: 200\nReceived: 500","name":"toBe","pass":false}}],"failureMessages":["Error: expect(received).toBe(expected) // Object.is equality\n\nExpected: 200\nReceived: 500\n    at Object.toBe (J:\\workspace\\test-generator\\tests\\generated\\TourRevenueReport.test.js:12:24)\n    at processTicksAndRejections (node:internal/process/task_queues:105:5)"],"fullName":"GET https://api.beebus.live/reports/tour-revenue-report?lang=en should return status 200 and match expected structure","invocations":1,"location":null,"numPassingAsserts":0,"retryReasons":[],"startAt":1753181059864,"status":"failed","title":"should return status 200 and match expected structure"}],"endTime":1753181060209,"message":"  ● GET https://api.beebus.live/reports/tour-revenue-report?lang=en › should return status 200 and match expected structure\n\n    expect(received).toBe(expected) // Object.is equality\n\n    Expected: 200\n    Received: 500\n\n    \u001b[0m \u001b[90m 10 |\u001b[39m       \u001b[33m;\u001b[39m\n     \u001b[90m 11 |\u001b[39m\n    \u001b[31m\u001b[1m>\u001b[22m\u001b[39m\u001b[90m 12 |\u001b[39m     expect(res\u001b[33m.\u001b[39mstatus)\u001b[33m.\u001b[39mtoBe(\u001b[35m200\u001b[39m)\u001b[33m;\u001b[39m\n     \u001b[90m    |\u001b[39m                        \u001b[31m\u001b[1m^\u001b[22m\u001b[39m\n     \u001b[90m 13 |\u001b[39m     expect(res\u001b[33m.\u001b[39mbody)\u001b[33m.\u001b[39mtoMatchObject(\u001b[33mTourRevenueReportOutput\u001b[39m)\u001b[33m;\u001b[39m\n     \u001b[90m 14 |\u001b[39m   })\u001b[33m;\u001b[39m\n     \u001b[90m 15 |\u001b[39m })\u001b[33m;\u001b[39m\u001b[0m\n\n      at Object.toBe (tests/generated/TourRevenueReport.test.js:12:24)\n","name":"J:\\workspace\\test-generator\\tests\\generated\\TourRevenueReport.test.js","startTime":1753181059820,"status":"failed","summary":""},{"assertionResults":[{"ancestorTitles":["GET https://api.beebus.live/v1/admin/trips/tours?lang=en"],"duration":461,"failing":false,"failureDetails":[],"failureMessages":[],"fullName":"GET https://api.beebus.live/v1/admin/trips/tours?lang=en should return status 200 and match expected structure","invocations":1,"location":null,"numPassingAsserts":2,"retryReasons":[],"startAt":1753181060261,"status":"passed","title":"should return status 200 and match expected structure"}],"endTime":1753181060723,"message":"","name":"J:\\workspace\\test-generator\\tests\\generated\\Tours.test.js","startTime":1753181060219,"status":"passed","summary":""},{"assertionResults":[{"ancestorTitles":["GET https://api.beebus.live/client/google-places?input=London"],"duration":400,"failing":false,"failureDetails":[],"failureMessages":[],"fullName":"GET https://api.beebus.live/client/google-places?input=London should return status 200 and match expected structure","invocations":1,"location":null,"numPassingAsserts":2,"retryReasons":[],"startAt":1753181060776,"status":"passed","title":"should return status 200 and match expected structure"}],"endTime":1753181061176,"message":"","name":"J:\\workspace\\test-generator\\tests\\generated\\GooglePlaces.test.js","startTime":1753181060732,"status":"passed","summary":""},{"assertionResults":[{"ancestorTitles":["GET https://api.beebus.live/booking-management/bookings/trip-group?lang=en"],"duration":477,"failing":false,"failureDetails":[],"failureMessages":[],"fullName":"GET https://api.beebus.live/booking-management/bookings/trip-group?lang=en should return status 200 and match expected structure","invocations":1,"location":null,"numPassingAsserts":2,"retryReasons":[],"startAt":1753181061233,"status":"passed","title":"should return status 200 and match expected structure"}],"endTime":1753181061710,"message":"","name":"J:\\workspace\\test-generator\\tests\\generated\\TripGroup.test.js","startTime":1753181061188,"status":"passed","summary":""},{"assertionResults":[{"ancestorTitles":["GET https://api.beebus.live/v1/admin/trips/resources/drivers?&lang=en"],"duration":353,"failing":false,"failureDetails":[],"failureMessages":[],"fullName":"GET https://api.beebus.live/v1/admin/trips/resources/drivers?&lang=en should return status 200 and match expected structure","invocations":1,"location":null,"numPassingAsserts":2,"retryReasons":[],"startAt":1753181061759,"status":"passed","title":"should return status 200 and match expected structure"}],"endTime":1753181062113,"message":"","name":"J:\\workspace\\test-generator\\tests\\generated\\Drivers.test.js","startTime":1753181061720,"status":"passed","summary":""},{"assertionResults":[{"ancestorTitles":["GET https://api.beebus.live/v1/admin/dashboard/top-destinations?lang=en"],"duration":347,"failing":false,"failureDetails":[],"failureMessages":[],"fullName":"GET https://api.beebus.live/v1/admin/dashboard/top-destinations?lang=en should return status 200 and match expected structure","invocations":1,"location":null,"numPassingAsserts":2,"retryReasons":[],"startAt":1753181062168,"status":"passed","title":"should return status 200 and match expected structure"}],"endTime":1753181062517,"message":"","name":"J:\\workspace\\test-generator\\tests\\generated\\TopDestinations.test.js","startTime":1753181062128,"status":"passed","summary":""},{"assertionResults":[{"ancestorTitles":["GET https://api.beebus.live/reports/invoice-summary-report?lang=en"],"duration":360,"failing":false,"failureDetails":[],"failureMessages":[],"fullName":"GET https://api.beebus.live/reports/invoice-summary-report?lang=en should return status 200 and match expected structure","invocations":1,"location":null,"numPassingAsserts":2,"retryReasons":[],"startAt":1753181062570,"status":"passed","title":"should return status 200 and match expected structure"}],"endTime":1753181062931,"message":"","name":"J:\\workspace\\test-generator\\tests\\generated\\InvoiceSummaryReport.test.js","startTime":1753181062528,"status":"passed","summary":""},{"assertionResults":[{"ancestorTitles":["GET https://api.beebus.live/v1/admin/dashboard/trip-stats-duration/month?lang=en"],"duration":340,"failing":false,"failureDetails":[],"failureMessages":[],"fullName":"GET https://api.beebus.live/v1/admin/dashboard/trip-stats-duration/month?lang=en should return status 200 and match expected structure","invocations":1,"location":null,"numPassingAsserts":1,"retryReasons":[],"startAt":1753181062976,"status":"passed","title":"should return status 200 and match expected structure"}],"endTime":1753181063317,"message":"","name":"J:\\workspace\\test-generator\\tests\\generated\\Month.test.js","startTime":1753181062941,"status":"passed","summary":""},{"assertionResults":[{"ancestorTitles":["GET https://api.beebus.live/reports/aging-report?lang=en"],"duration":383,"failing":false,"failureDetails":[],"failureMessages":[],"fullName":"GET https://api.beebus.live/reports/aging-report?lang=en should return status 200 and match expected structure","invocations":1,"location":null,"numPassingAsserts":2,"retryReasons":[],"startAt":1753181063378,"status":"passed","title":"should return status 200 and match expected structure"}],"endTime":1753181063763,"message":"","name":"J:\\workspace\\test-generator\\tests\\generated\\AgingReport.test.js","startTime":1753181063327,"status":"passed","summary":""},{"assertionResults":[{"ancestorTitles":["GET https://api.beebus.live/v1/admin/dashboard/revenue-stats?lang=en"],"duration":366,"failing":false,"failureDetails":[],"failureMessages":[],"fullName":"GET https://api.beebus.live/v1/admin/dashboard/revenue-stats?lang=en should return status 200 and match expected structure","invocations":1,"location":null,"numPassingAsserts":2,"retryReasons":[],"startAt":1753181063813,"status":"passed","title":"should return status 200 and match expected structure"}],"endTime":1753181064180,"message":"","name":"J:\\workspace\\test-generator\\tests\\generated\\RevenueStats.test.js","startTime":1753181063775,"status":"passed","summary":""},{"assertionResults":[{"ancestorTitles":["GET https://api.beebus.live/booking-management/bookings/stats?lang=en"],"duration":1376,"failing":false,"failureDetails":[],"failureMessages":[],"fullName":"GET https://api.beebus.live/booking-management/bookings/stats?lang=en should return status 200 and match expected structure","invocations":1,"location":null,"numPassingAsserts":2,"retryReasons":[],"startAt":1753181064234,"status":"passed","title":"should return status 200 and match expected structure"}],"endTime":1753181065611,"message":"","name":"J:\\workspace\\test-generator\\tests\\generated\\Stats.test.js","startTime":1753181064192,"status":"passed","summary":""},{"assertionResults":[{"ancestorTitles":["GET https://api.beebus.live/v1/admin/dashboard/today-trip?lang=en"],"duration":338,"failing":false,"failureDetails":[],"failureMessages":[],"fullName":"GET https://api.beebus.live/v1/admin/dashboard/today-trip?lang=en should return status 200 and match expected structure","invocations":1,"location":null,"numPassingAsserts":2,"retryReasons":[],"startAt":1753181065667,"status":"passed","title":"should return status 200 and match expected structure"}],"endTime":1753181066006,"message":"","name":"J:\\workspace\\test-generator\\tests\\generated\\TodayTrip.test.js","startTime":1753181065622,"status":"passed","summary":""},{"assertionResults":[{"ancestorTitles":["GET https://api.beebus.live/reports/refund-summary-report?lang=en"],"duration":341,"failing":false,"failureDetails":[],"failureMessages":[],"fullName":"GET https://api.beebus.live/reports/refund-summary-report?lang=en should return status 200 and match expected structure","invocations":1,"location":null,"numPassingAsserts":2,"retryReasons":[],"startAt":1753181066054,"status":"passed","title":"should return status 200 and match expected structure"}],"endTime":1753181066395,"message":"","name":"J:\\workspace\\test-generator\\tests\\generated\\RefundSummaryReport.test.js","startTime":1753181066015,"status":"passed","summary":""},{"assertionResults":[{"ancestorTitles":["GET https://api.beebus.live/v1/admin/finance?&lang=en"],"duration":354,"failing":false,"failureDetails":[],"failureMessages":[],"fullName":"GET https://api.beebus.live/v1/admin/finance?&lang=en should return status 200 and match expected structure","invocations":1,"location":null,"numPassingAsserts":2,"retryReasons":[],"startAt":1753181066447,"status":"passed","title":"should return status 200 and match expected structure"}],"endTime":1753181066801,"message":"","name":"J:\\workspace\\test-generator\\tests\\generated\\Finance.test.js","startTime":1753181066406,"status":"passed","summary":""},{"assertionResults":[{"ancestorTitles":["GET https://api.beebus.live/v1/admin/dashboard/trip-stats?lang=en"],"duration":334,"failing":false,"failureDetails":[],"failureMessages":[],"fullName":"GET https://api.beebus.live/v1/admin/dashboard/trip-stats?lang=en should return status 200 and match expected structure","invocations":1,"location":null,"numPassingAsserts":2,"retryReasons":[],"startAt":1753181066848,"status":"passed","title":"should return status 200 and match expected structure"}],"endTime":1753181067183,"message":"","name":"J:\\workspace\\test-generator\\tests\\generated\\TripStats.test.js","startTime":1753181066810,"status":"passed","summary":""},{"assertionResults":[{"ancestorTitles":["GET https://api.beebus.live/v1/admin/trips/activities?&lang=en"],"duration":344,"failing":false,"failureDetails":[],"failureMessages":[],"fullName":"GET https://api.beebus.live/v1/admin/trips/activities?&lang=en should return status 200 and match expected structure","invocations":1,"location":null,"numPassingAsserts":2,"retryReasons":[],"startAt":1753181067229,"status":"passed","title":"should return status 200 and match expected structure"}],"endTime":1753181067576,"message":"","name":"J:\\workspace\\test-generator\\tests\\generated\\Activities.test.js","startTime":1753181067193,"status":"passed","summary":""},{"assertionResults":[{"ancestorTitles":["GET https://api.beebus.live/v1/admin/trips/resources/guides?&lang=en"],"duration":362,"failing":false,"failureDetails":[],"failureMessages":[],"fullName":"GET https://api.beebus.live/v1/admin/trips/resources/guides?&lang=en should return status 200 and match expected structure","invocations":1,"location":null,"numPassingAsserts":2,"retryReasons":[],"startAt":1753181067626,"status":"passed","title":"should return status 200 and match expected structure"}],"endTime":1753181067989,"message":"","name":"J:\\workspace\\test-generator\\tests\\generated\\Guides.test.js","startTime":1753181067589,"status":"passed","summary":""},{"assertionResults":[{"ancestorTitles":["GET https://api.beebus.live/v1/admin/trips/resources/buses?&lang=en"],"duration":347,"failing":false,"failureDetails":[],"failureMessages":[],"fullName":"GET https://api.beebus.live/v1/admin/trips/resources/buses?&lang=en should return status 200 and match expected structure","invocations":1,"location":null,"numPassingAsserts":2,"retryReasons":[],"startAt":1753181068036,"status":"passed","title":"should return status 200 and match expected structure"}],"endTime":1753181068384,"message":"","name":"J:\\workspace\\test-generator\\tests\\generated\\Buses.test.js","startTime":1753181068000,"status":"passed","summary":""},{"assertionResults":[{"ancestorTitles":["GET https://api.beebus.live/setting?lang=en"],"duration":332,"failing":false,"failureDetails":[],"failureMessages":[],"fullName":"GET https://api.beebus.live/setting?lang=en should return status 200 and match expected structure","invocations":1,"location":null,"numPassingAsserts":2,"retryReasons":[],"startAt":1753181068429,"status":"passed","title":"should return status 200 and match expected structure"}],"endTime":1753181068762,"message":"","name":"J:\\workspace\\test-generator\\tests\\generated\\Setting.test.js","startTime":1753181068393,"status":"passed","summary":""},{"assertionResults":[{"ancestorTitles":["GET https://api.beebus.live/reports/customer-outstanding-report?lang=en"],"duration":364,"failing":false,"failureDetails":[],"failureMessages":[],"fullName":"GET https://api.beebus.live/reports/customer-outstanding-report?lang=en should return status 200 and match expected structure","invocations":1,"location":null,"numPassingAsserts":2,"retryReasons":[],"startAt":1753181068814,"status":"passed","title":"should return status 200 and match expected structure"}],"endTime":1753181069180,"message":"","name":"J:\\workspace\\test-generator\\tests\\generated\\CustomerOutstandingReport.test.js","startTime":1753181068776,"status":"passed","summary":""},{"assertionResults":[{"ancestorTitles":["GET https://api.beebus.live/v1/admin/trips/resources/accommodations?&lang=en"],"duration":418,"failing":false,"failureDetails":[],"failureMessages":[],"fullName":"GET https://api.beebus.live/v1/admin/trips/resources/accommodations?&lang=en should return status 200 and match expected structure","invocations":1,"location":null,"numPassingAsserts":1,"retryReasons":[],"startAt":1753181069231,"status":"passed","title":"should return status 200 and match expected structure"}],"endTime":1753181069649,"message":"","name":"J:\\workspace\\test-generator\\tests\\generated\\Accommodations.test.js","startTime":1753181069193,"status":"passed","summary":""},{"assertionResults":[{"ancestorTitles":["GET https://api.beebus.live/finance/trip/invoice-count-report?lang=en"],"duration":1064,"failing":false,"failureDetails":[],"failureMessages":[],"fullName":"GET https://api.beebus.live/finance/trip/invoice-count-report?lang=en should return status 200 and match expected structure","invocations":1,"location":null,"numPassingAsserts":2,"retryReasons":[],"startAt":1753181069697,"status":"passed","title":"should return status 200 and match expected structure"}],"endTime":1753181070762,"message":"","name":"J:\\workspace\\test-generator\\tests\\generated\\InvoiceCountReport.test.js","startTime":1753181069660,"status":"passed","summary":""},{"assertionResults":[{"ancestorTitles":["GET https://api.beebus.live/v1/admin/finance/refunds?&lang=en"],"duration":359,"failing":false,"failureDetails":[],"failureMessages":[],"fullName":"GET https://api.beebus.live/v1/admin/finance/refunds?&lang=en should return status 200 and match expected structure","invocations":1,"location":null,"numPassingAsserts":2,"retryReasons":[],"startAt":1753181070815,"status":"passed","title":"should return status 200 and match expected structure"}],"endTime":1753181071174,"message":"","name":"J:\\workspace\\test-generator\\tests\\generated\\Refunds.test.js","startTime":1753181070773,"status":"passed","summary":""},{"assertionResults":[{"ancestorTitles":["GET https://api.beebus.live/v1/admin/trips/resources/drivers/options?lang=en"],"duration":377,"failing":false,"failureDetails":[],"failureMessages":[],"fullName":"GET https://api.beebus.live/v1/admin/trips/resources/drivers/options?lang=en should return status 200 and match expected structure","invocations":1,"location":null,"numPassingAsserts":2,"retryReasons":[],"startAt":1753181071222,"status":"passed","title":"should return status 200 and match expected structure"}],"endTime":1753181071600,"message":"","name":"J:\\workspace\\test-generator\\tests\\generated\\Options.test.js","startTime":1753181071183,"status":"passed","summary":""},{"assertionResults":[{"ancestorTitles":["GET https://api.beebus.live/client/coupons/2?lang=en"],"duration":397,"failing":false,"failureDetails":[],"failureMessages":[],"fullName":"GET https://api.beebus.live/client/coupons/2?lang=en should return status 200 and match expected structure","invocations":1,"location":null,"numPassingAsserts":2,"retryReasons":[],"startAt":1753181071652,"status":"passed","title":"should return status 200 and match expected structure"}],"endTime":1753181072050,"message":"","name":"J:\\workspace\\test-generator\\tests\\generated\\Coupons.test.js","startTime":1753181071612,"status":"passed","summary":""},{"assertionResults":[{"ancestorTitles":["GET https://api.beebus.live/v1/admin/trips/addons?category=1&&lang=en"],"duration":367,"failing":false,"failureDetails":[],"failureMessages":[],"fullName":"GET https://api.beebus.live/v1/admin/trips/addons?category=1&&lang=en should return status 200 and match expected structure","invocations":1,"location":null,"numPassingAsserts":2,"retryReasons":[],"startAt":1753181072093,"status":"passed","title":"should return status 200 and match expected structure"}],"endTime":1753181072462,"message":"","name":"J:\\workspace\\test-generator\\tests\\generated\\Addons.test.js","startTime":1753181072059,"status":"passed","summary":""},{"assertionResults":[{"ancestorTitles":["GET https://api.beebus.live/notifications?lang=en"],"duration":376,"failing":false,"failureDetails":[],"failureMessages":[],"fullName":"GET https://api.beebus.live/notifications?lang=en should return status 200 and match expected structure","invocations":1,"location":null,"numPassingAsserts":2,"retryReasons":[],"startAt":1753181072509,"status":"passed","title":"should return status 200 and match expected structure"}],"endTime":1753181072886,"message":"","name":"J:\\workspace\\test-generator\\tests\\generated\\Notifications.test.js","startTime":1753181072472,"status":"passed","summary":""},{"assertionResults":[{"ancestorTitles":["GET https://api.beebus.live/reports/payment-method-breakdown?lang=en"],"duration":415,"failing":false,"failureDetails":[],"failureMessages":[],"fullName":"GET https://api.beebus.live/reports/payment-method-breakdown?lang=en should return status 200 and match expected structure","invocations":1,"location":null,"numPassingAsserts":2,"retryReasons":[],"startAt":1753181072932,"status":"passed","title":"should return status 200 and match expected structure"}],"endTime":1753181073347,"message":"","name":"J:\\workspace\\test-generator\\tests\\generated\\PaymentMethodBreakdown.test.js","startTime":1753181072897,"status":"passed","summary":""},{"assertionResults":[{"ancestorTitles":["GET https://api.beebus.live/finance/invoice?lang=en"],"duration":338,"failing":false,"failureDetails":[],"failureMessages":[],"fullName":"GET https://api.beebus.live/finance/invoice?lang=en should return status 200 and match expected structure","invocations":1,"location":null,"numPassingAsserts":2,"retryReasons":[],"startAt":1753181073392,"status":"passed","title":"should return status 200 and match expected structure"}],"endTime":1753181073731,"message":"","name":"J:\\workspace\\test-generator\\tests\\generated\\Invoice.test.js","startTime":1753181073356,"status":"passed","summary":""},{"assertionResults":[{"ancestorTitles":["GET https://api.beebus.live/v1/admin/agency/getagencylangcur?lang=en"],"duration":352,"failing":false,"failureDetails":[],"failureMessages":[],"fullName":"GET https://api.beebus.live/v1/admin/agency/getagencylangcur?lang=en should return status 200 and match expected structure","invocations":1,"location":null,"numPassingAsserts":2,"retryReasons":[],"startAt":1753181073774,"status":"passed","title":"should return status 200 and match expected structure"}],"endTime":1753181074127,"message":"","name":"J:\\workspace\\test-generator\\tests\\generated\\Getagencylangcur.test.js","startTime":1753181073739,"status":"passed","summary":""}],"wasInterrupted":false}
