{"numFailedTestSuites":2,"numFailedTests":2,"numPassedTestSuites":29,"numPassedTests":29,"numPendingTestSuites":0,"numPendingTests":0,"numRuntimeErrorTestSuites":0,"numTodoTests":0,"numTotalTestSuites":31,"numTotalTests":31,"openHandles":[],"snapshot":{"added":0,"didUpdate":false,"failure":false,"filesAdded":0,"filesRemoved":0,"filesRemovedList":[],"filesUnmatched":0,"filesUpdated":0,"matched":0,"total":0,"unchecked":0,"uncheckedKeysByFile":[],"unmatched":0,"updated":0},"startTime":1753186666424,"success":false,"testResults":[{"assertionResults":[{"ancestorTitles":["GET https://api.beebus.live/reports/customer-outstanding-report?lang=en"],"duration":501,"failing":false,"failureDetails":[],"failureMessages":[],"fullName":"GET https://api.beebus.live/reports/customer-outstanding-report?lang=en should return status 200 and match expected structure","invocations":1,"location":null,"numPassingAsserts":2,"retryReasons":[],"startAt":1753186667970,"status":"passed","title":"should return status 200 and match expected structure"}],"endTime":1753186668472,"message":"","name":"J:\\workspace\\truxco\\tests\\generated\\CustomerOutstandingReport.test.js","startTime":1753186666475,"status":"passed","summary":""},{"assertionResults":[{"ancestorTitles":["GET https://api.beebus.live/reports/payment-method-breakdown?lang=en"],"duration":322,"failing":false,"failureDetails":[],"failureMessages":[],"fullName":"GET https://api.beebus.live/reports/payment-method-breakdown?lang=en should return status 200 and match expected structure","invocations":1,"location":null,"numPassingAsserts":2,"retryReasons":[],"startAt":1753186668542,"status":"passed","title":"should return status 200 and match expected structure"}],"endTime":1753186668865,"message":"","name":"J:\\workspace\\truxco\\tests\\generated\\PaymentMethodBreakdown.test.js","startTime":1753186668483,"status":"passed","summary":""},{"assertionResults":[{"ancestorTitles":["GET https://api.beebus.live/finance/trip/invoice-count-report?lang=en"],"duration":331,"failing":false,"failureDetails":[],"failureMessages":[],"fullName":"GET https://api.beebus.live/finance/trip/invoice-count-report?lang=en should return status 200 and match expected structure","invocations":1,"location":null,"numPassingAsserts":2,"retryReasons":[],"startAt":1753186668926,"status":"passed","title":"should return status 200 and match expected structure"}],"endTime":1753186669258,"message":"","name":"J:\\workspace\\truxco\\tests\\generated\\InvoiceCountReport.test.js","startTime":1753186668876,"status":"passed","summary":""},{"assertionResults":[{"ancestorTitles":["GET https://api.beebus.live/reports/invoice-summary-report?lang=en"],"duration":412,"failing":false,"failureDetails":[],"failureMessages":[],"fullName":"GET https://api.beebus.live/reports/invoice-summary-report?lang=en should return status 200 and match expected structure","invocations":1,"location":null,"numPassingAsserts":2,"retryReasons":[],"startAt":1753186669319,"status":"passed","title":"should return status 200 and match expected structure"}],"endTime":1753186669731,"message":"","name":"J:\\workspace\\truxco\\tests\\generated\\InvoiceSummaryReport.test.js","startTime":1753186669269,"status":"passed","summary":""},{"assertionResults":[{"ancestorTitles":["GET https://api.beebus.live/v1/admin/dashboard/top-destinations?lang=en"],"duration":362,"failing":false,"failureDetails":[],"failureMessages":[],"fullName":"GET https://api.beebus.live/v1/admin/dashboard/top-destinations?lang=en should return status 200 and match expected structure","invocations":1,"location":null,"numPassingAsserts":2,"retryReasons":[],"startAt":1753186669799,"status":"passed","title":"should return status 200 and match expected structure"}],"endTime":1753186670163,"message":"","name":"J:\\workspace\\truxco\\tests\\generated\\TopDestinations.test.js","startTime":1753186669741,"status":"passed","summary":""},{"assertionResults":[{"ancestorTitles":["GET https://api.beebus.live/reports/refund-summary-report?lang=en"],"duration":341,"failing":false,"failureDetails":[],"failureMessages":[],"fullName":"GET https://api.beebus.live/reports/refund-summary-report?lang=en should return status 200 and match expected structure","invocations":1,"location":null,"numPassingAsserts":2,"retryReasons":[],"startAt":1753186670224,"status":"passed","title":"should return status 200 and match expected structure"}],"endTime":1753186670566,"message":"","name":"J:\\workspace\\truxco\\tests\\generated\\RefundSummaryReport.test.js","startTime":1753186670174,"status":"passed","summary":""},{"assertionResults":[{"ancestorTitles":["GET https://api.beebus.live/v1/admin/agency/getagencylangcur?lang=en"],"duration":330,"failing":false,"failureDetails":[],"failureMessages":[],"fullName":"GET https://api.beebus.live/v1/admin/agency/getagencylangcur?lang=en should return status 200 and match expected structure","invocations":1,"location":null,"numPassingAsserts":2,"retryReasons":[],"startAt":1753186670630,"status":"passed","title":"should return status 200 and match expected structure"}],"endTime":1753186670961,"message":"","name":"J:\\workspace\\truxco\\tests\\generated\\Getagencylangcur.test.js","startTime":1753186670578,"status":"passed","summary":""},{"assertionResults":[{"ancestorTitles":["GET https://api.beebus.live/reports/tour-revenue-report?lang=en"],"duration":326,"failing":false,"failureDetails":[{"matcherResult":{"actual":500,"expected":200,"message":"expect(received).toBe(expected) // Object.is equality\n\nExpected: 200\nReceived: 500","name":"toBe","pass":false}}],"failureMessages":["Error: expect(received).toBe(expected) // Object.is equality\n\nExpected: 200\nReceived: 500\n    at Object.toBe (J:\\workspace\\truxco\\tests\\generated\\TourRevenueReport.test.js:12:24)\n    at processTicksAndRejections (node:internal/process/task_queues:105:5)"],"fullName":"GET https://api.beebus.live/reports/tour-revenue-report?lang=en should return status 200 and match expected structure","invocations":1,"location":null,"numPassingAsserts":0,"retryReasons":[],"startAt":1753186671026,"status":"failed","title":"should return status 200 and match expected structure"}],"endTime":1753186671365,"message":"  ● GET https://api.beebus.live/reports/tour-revenue-report?lang=en › should return status 200 and match expected structure\n\n    expect(received).toBe(expected) // Object.is equality\n\n    Expected: 200\n    Received: 500\n\n    \u001b[0m \u001b[90m 10 |\u001b[39m       \u001b[33m;\u001b[39m\n     \u001b[90m 11 |\u001b[39m\n    \u001b[31m\u001b[1m>\u001b[22m\u001b[39m\u001b[90m 12 |\u001b[39m     expect(res\u001b[33m.\u001b[39mstatus)\u001b[33m.\u001b[39mtoBe(\u001b[35m200\u001b[39m)\u001b[33m;\u001b[39m\n     \u001b[90m    |\u001b[39m                        \u001b[31m\u001b[1m^\u001b[22m\u001b[39m\n     \u001b[90m 13 |\u001b[39m     expect(res\u001b[33m.\u001b[39mbody)\u001b[33m.\u001b[39mtoMatchObject(\u001b[33mTourRevenueReportOutput\u001b[39m)\u001b[33m;\u001b[39m\n     \u001b[90m 14 |\u001b[39m   })\u001b[33m;\u001b[39m\n     \u001b[90m 15 |\u001b[39m })\u001b[33m;\u001b[39m\u001b[0m\n\n      at Object.toBe (tests/generated/TourRevenueReport.test.js:12:24)\n","name":"J:\\workspace\\truxco\\tests\\generated\\TourRevenueReport.test.js","startTime":1753186670973,"status":"failed","summary":""},{"assertionResults":[{"ancestorTitles":["GET https://api.beebus.live/booking-management/bookings/trip-group?lang=en"],"duration":396,"failing":false,"failureDetails":[],"failureMessages":[],"fullName":"GET https://api.beebus.live/booking-management/bookings/trip-group?lang=en should return status 200 and match expected structure","invocations":1,"location":null,"numPassingAsserts":2,"retryReasons":[],"startAt":1753186671430,"status":"passed","title":"should return status 200 and match expected structure"}],"endTime":1753186671827,"message":"","name":"J:\\workspace\\truxco\\tests\\generated\\TripGroup.test.js","startTime":1753186671375,"status":"passed","summary":""},{"assertionResults":[{"ancestorTitles":["GET https://api.beebus.live/v1/admin/trips/resources/drivers/options?lang=en"],"duration":331,"failing":false,"failureDetails":[],"failureMessages":[],"fullName":"GET https://api.beebus.live/v1/admin/trips/resources/drivers/options?lang=en should return status 200 and match expected structure","invocations":1,"location":null,"numPassingAsserts":2,"retryReasons":[],"startAt":1753186671897,"status":"passed","title":"should return status 200 and match expected structure"}],"endTime":1753186672229,"message":"","name":"J:\\workspace\\truxco\\tests\\generated\\Options.test.js","startTime":1753186671838,"status":"passed","summary":""},{"assertionResults":[{"ancestorTitles":["GET https://api.beebus.live/v1/admin/dashboard/revenue-stats?lang=en"],"duration":332,"failing":false,"failureDetails":[],"failureMessages":[],"fullName":"GET https://api.beebus.live/v1/admin/dashboard/revenue-stats?lang=en should return status 200 and match expected structure","invocations":1,"location":null,"numPassingAsserts":2,"retryReasons":[],"startAt":1753186672290,"status":"passed","title":"should return status 200 and match expected structure"}],"endTime":1753186672623,"message":"","name":"J:\\workspace\\truxco\\tests\\generated\\RevenueStats.test.js","startTime":1753186672239,"status":"passed","summary":""},{"assertionResults":[{"ancestorTitles":["GET https://api.beebus.live/v1/admin/trips/resources/drivers?&lang=en"],"duration":324,"failing":false,"failureDetails":[],"failureMessages":[],"fullName":"GET https://api.beebus.live/v1/admin/trips/resources/drivers?&lang=en should return status 200 and match expected structure","invocations":1,"location":null,"numPassingAsserts":2,"retryReasons":[],"startAt":1753186672685,"status":"passed","title":"should return status 200 and match expected structure"}],"endTime":1753186673010,"message":"","name":"J:\\workspace\\truxco\\tests\\generated\\Drivers.test.js","startTime":1753186672632,"status":"passed","summary":""},{"assertionResults":[{"ancestorTitles":["GET https://api.beebus.live/v1/admin/dashboard/trip-stats?lang=en"],"duration":329,"failing":false,"failureDetails":[],"failureMessages":[],"fullName":"GET https://api.beebus.live/v1/admin/dashboard/trip-stats?lang=en should return status 200 and match expected structure","invocations":1,"location":null,"numPassingAsserts":2,"retryReasons":[],"startAt":1753186673069,"status":"passed","title":"should return status 200 and match expected structure"}],"endTime":1753186673399,"message":"","name":"J:\\workspace\\truxco\\tests\\generated\\TripStats.test.js","startTime":1753186673020,"status":"passed","summary":""},{"assertionResults":[{"ancestorTitles":["GET https://api.beebus.live/v1/admin/dashboard/today-trip?lang=en"],"duration":353,"failing":false,"failureDetails":[],"failureMessages":[],"fullName":"GET https://api.beebus.live/v1/admin/dashboard/today-trip?lang=en should return status 200 and match expected structure","invocations":1,"location":null,"numPassingAsserts":2,"retryReasons":[],"startAt":1753186673454,"status":"passed","title":"should return status 200 and match expected structure"}],"endTime":1753186673808,"message":"","name":"J:\\workspace\\truxco\\tests\\generated\\TodayTrip.test.js","startTime":1753186673409,"status":"passed","summary":""},{"assertionResults":[{"ancestorTitles":["GET https://api.beebus.live/v1/admin/trips/addons?category=1&&lang=en"],"duration":323,"failing":false,"failureDetails":[],"failureMessages":[],"fullName":"GET https://api.beebus.live/v1/admin/trips/addons?category=1&&lang=en should return status 200 and match expected structure","invocations":1,"location":null,"numPassingAsserts":2,"retryReasons":[],"startAt":1753186673866,"status":"passed","title":"should return status 200 and match expected structure"}],"endTime":1753186674190,"message":"","name":"J:\\workspace\\truxco\\tests\\generated\\Addons.test.js","startTime":1753186673819,"status":"passed","summary":""},{"assertionResults":[{"ancestorTitles":["GET https://api.beebus.live/booking-management/bookings/stats?lang=en"],"duration":345,"failing":false,"failureDetails":[],"failureMessages":[],"fullName":"GET https://api.beebus.live/booking-management/bookings/stats?lang=en should return status 200 and match expected structure","invocations":1,"location":null,"numPassingAsserts":2,"retryReasons":[],"startAt":1753186674243,"status":"passed","title":"should return status 200 and match expected structure"}],"endTime":1753186674589,"message":"","name":"J:\\workspace\\truxco\\tests\\generated\\Stats.test.js","startTime":1753186674199,"status":"passed","summary":""},{"assertionResults":[{"ancestorTitles":["GET https://api.beebus.live/v1/admin/trips/resources/guides?&lang=en"],"duration":327,"failing":false,"failureDetails":[],"failureMessages":[],"fullName":"GET https://api.beebus.live/v1/admin/trips/resources/guides?&lang=en should return status 200 and match expected structure","invocations":1,"location":null,"numPassingAsserts":2,"retryReasons":[],"startAt":1753186674645,"status":"passed","title":"should return status 200 and match expected structure"}],"endTime":1753186674973,"message":"","name":"J:\\workspace\\truxco\\tests\\generated\\Guides.test.js","startTime":1753186674599,"status":"passed","summary":""},{"assertionResults":[{"ancestorTitles":["GET https://api.beebus.live/v1/admin/trips/activities?&lang=en"],"duration":327,"failing":false,"failureDetails":[],"failureMessages":[],"fullName":"GET https://api.beebus.live/v1/admin/trips/activities?&lang=en should return status 200 and match expected structure","invocations":1,"location":null,"numPassingAsserts":2,"retryReasons":[],"startAt":1753186675069,"status":"passed","title":"should return status 200 and match expected structure"}],"endTime":1753186675397,"message":"","name":"J:\\workspace\\truxco\\tests\\generated\\Activities.test.js","startTime":1753186674984,"status":"passed","summary":""},{"assertionResults":[{"ancestorTitles":["GET https://api.beebus.live/v1/admin/trips/resources/buses?&lang=en"],"duration":331,"failing":false,"failureDetails":[],"failureMessages":[],"fullName":"GET https://api.beebus.live/v1/admin/trips/resources/buses?&lang=en should return status 200 and match expected structure","invocations":1,"location":null,"numPassingAsserts":2,"retryReasons":[],"startAt":1753186675454,"status":"passed","title":"should return status 200 and match expected structure"}],"endTime":1753186675787,"message":"","name":"J:\\workspace\\truxco\\tests\\generated\\Buses.test.js","startTime":1753186675406,"status":"passed","summary":""},{"assertionResults":[{"ancestorTitles":["GET https://api.beebus.live/reports/aging-report?lang=en"],"duration":350,"failing":false,"failureDetails":[],"failureMessages":[],"fullName":"GET https://api.beebus.live/reports/aging-report?lang=en should return status 200 and match expected structure","invocations":1,"location":null,"numPassingAsserts":2,"retryReasons":[],"startAt":1753186675840,"status":"passed","title":"should return status 200 and match expected structure"}],"endTime":1753186676190,"message":"","name":"J:\\workspace\\truxco\\tests\\generated\\AgingReport.test.js","startTime":1753186675797,"status":"passed","summary":""},{"assertionResults":[{"ancestorTitles":["GET https://api.beebus.live/v1/admin/finance/refunds?&lang=en"],"duration":330,"failing":false,"failureDetails":[],"failureMessages":[],"fullName":"GET https://api.beebus.live/v1/admin/finance/refunds?&lang=en should return status 200 and match expected structure","invocations":1,"location":null,"numPassingAsserts":2,"retryReasons":[],"startAt":1753186676247,"status":"passed","title":"should return status 200 and match expected structure"}],"endTime":1753186676578,"message":"","name":"J:\\workspace\\truxco\\tests\\generated\\Refunds.test.js","startTime":1753186676201,"status":"passed","summary":""},{"assertionResults":[{"ancestorTitles":["GET https://api.beebus.live/notifications?lang=en"],"duration":347,"failing":false,"failureDetails":[],"failureMessages":[],"fullName":"GET https://api.beebus.live/notifications?lang=en should return status 200 and match expected structure","invocations":1,"location":null,"numPassingAsserts":2,"retryReasons":[],"startAt":1753186676642,"status":"passed","title":"should return status 200 and match expected structure"}],"endTime":1753186676990,"message":"","name":"J:\\workspace\\truxco\\tests\\generated\\Notifications.test.js","startTime":1753186676591,"status":"passed","summary":""},{"assertionResults":[{"ancestorTitles":["GET https://api.beebus.live/v1/admin/trips/tours?lang=en"],"duration":447,"failing":false,"failureDetails":[],"failureMessages":[],"fullName":"GET https://api.beebus.live/v1/admin/trips/tours?lang=en should return status 200 and match expected structure","invocations":1,"location":null,"numPassingAsserts":2,"retryReasons":[],"startAt":1753186677048,"status":"passed","title":"should return status 200 and match expected structure"}],"endTime":1753186677495,"message":"","name":"J:\\workspace\\truxco\\tests\\generated\\Tours.test.js","startTime":1753186677002,"status":"passed","summary":""},{"assertionResults":[{"ancestorTitles":["GET https://api.beebus.live/v1/admin/finance?&lang=en"],"duration":326,"failing":false,"failureDetails":[],"failureMessages":[],"fullName":"GET https://api.beebus.live/v1/admin/finance?&lang=en should return status 200 and match expected structure","invocations":1,"location":null,"numPassingAsserts":2,"retryReasons":[],"startAt":1753186677554,"status":"passed","title":"should return status 200 and match expected structure"}],"endTime":1753186677881,"message":"","name":"J:\\workspace\\truxco\\tests\\generated\\Finance.test.js","startTime":1753186677505,"status":"passed","summary":""},{"assertionResults":[{"ancestorTitles":["GET https://api.beebus.live/client/coupons/2?lang=en"],"duration":332,"failing":false,"failureDetails":[],"failureMessages":[],"fullName":"GET https://api.beebus.live/client/coupons/2?lang=en should return status 200 and match expected structure","invocations":1,"location":null,"numPassingAsserts":2,"retryReasons":[],"startAt":1753186677940,"status":"passed","title":"should return status 200 and match expected structure"}],"endTime":1753186678272,"message":"","name":"J:\\workspace\\truxco\\tests\\generated\\Coupons.test.js","startTime":1753186677893,"status":"passed","summary":""},{"assertionResults":[{"ancestorTitles":["GET https://api.beebus.live/finance/invoice?lang=en"],"duration":339,"failing":false,"failureDetails":[],"failureMessages":[],"fullName":"GET https://api.beebus.live/finance/invoice?lang=en should return status 200 and match expected structure","invocations":1,"location":null,"numPassingAsserts":2,"retryReasons":[],"startAt":1753186678329,"status":"passed","title":"should return status 200 and match expected structure"}],"endTime":1753186678668,"message":"","name":"J:\\workspace\\truxco\\tests\\generated\\Invoice.test.js","startTime":1753186678281,"status":"passed","summary":""},{"assertionResults":[{"ancestorTitles":["GET https://api.beebus.live/setting?lang=en"],"duration":330,"failing":false,"failureDetails":[],"failureMessages":[],"fullName":"GET https://api.beebus.live/setting?lang=en should return status 200 and match expected structure","invocations":1,"location":null,"numPassingAsserts":2,"retryReasons":[],"startAt":1753186678730,"status":"passed","title":"should return status 200 and match expected structure"}],"endTime":1753186679061,"message":"","name":"J:\\workspace\\truxco\\tests\\generated\\Setting.test.js","startTime":1753186678679,"status":"passed","summary":""},{"assertionResults":[{"ancestorTitles":["GET https://api.beebus.live/v1/admin/dashboard/trip-stats-duration/month?lang=en"],"duration":324,"failing":false,"failureDetails":[],"failureMessages":[],"fullName":"GET https://api.beebus.live/v1/admin/dashboard/trip-stats-duration/month?lang=en should return status 200 and match expected structure","invocations":1,"location":null,"numPassingAsserts":1,"retryReasons":[],"startAt":1753186679113,"status":"passed","title":"should return status 200 and match expected structure"}],"endTime":1753186679438,"message":"","name":"J:\\workspace\\truxco\\tests\\generated\\Month.test.js","startTime":1753186679072,"status":"passed","summary":""},{"assertionResults":[{"ancestorTitles":["GET https://api.beebus.live/v1/admin/trips/resources/accommodations?&lang=en"],"duration":327,"failing":false,"failureDetails":[],"failureMessages":[],"fullName":"GET https://api.beebus.live/v1/admin/trips/resources/accommodations?&lang=en should return status 200 and match expected structure","invocations":1,"location":null,"numPassingAsserts":1,"retryReasons":[],"startAt":1753186679486,"status":"passed","title":"should return status 200 and match expected structure"}],"endTime":1753186679813,"message":"","name":"J:\\workspace\\truxco\\tests\\generated\\Accommodations.test.js","startTime":1753186679447,"status":"passed","summary":""},{"assertionResults":[{"ancestorTitles":["GET https://api.beebus.live/trip-management/search/?lang=en"],"duration":317,"failing":false,"failureDetails":[{"matcherResult":{"actual":404,"expected":200,"message":"expect(received).toBe(expected) // Object.is equality\n\nExpected: 200\nReceived: 404","name":"toBe","pass":false}}],"failureMessages":["Error: expect(received).toBe(expected) // Object.is equality\n\nExpected: 200\nReceived: 404\n    at Object.toBe (J:\\workspace\\truxco\\tests\\generated\\Search.test.js:10:24)\n    at processTicksAndRejections (node:internal/process/task_queues:105:5)"],"fullName":"GET https://api.beebus.live/trip-management/search/?lang=en should return status 200 and match expected structure","invocations":1,"location":null,"numPassingAsserts":0,"retryReasons":[],"startAt":1753186679865,"status":"failed","title":"should return status 200 and match expected structure"}],"endTime":1753186680185,"message":"  ● GET https://api.beebus.live/trip-management/search/?lang=en › should return status 200 and match expected structure\n\n    expect(received).toBe(expected) // Object.is equality\n\n    Expected: 200\n    Received: 404\n\n    \u001b[0m \u001b[90m  8 |\u001b[39m       \u001b[33m;\u001b[39m\n     \u001b[90m  9 |\u001b[39m\n    \u001b[31m\u001b[1m>\u001b[22m\u001b[39m\u001b[90m 10 |\u001b[39m     expect(res\u001b[33m.\u001b[39mstatus)\u001b[33m.\u001b[39mtoBe(\u001b[35m200\u001b[39m)\u001b[33m;\u001b[39m\n     \u001b[90m    |\u001b[39m                        \u001b[31m\u001b[1m^\u001b[22m\u001b[39m\n     \u001b[90m 11 |\u001b[39m     \n     \u001b[90m 12 |\u001b[39m   })\u001b[33m;\u001b[39m\n     \u001b[90m 13 |\u001b[39m })\u001b[33m;\u001b[39m\u001b[0m\n\n      at Object.toBe (tests/generated/Search.test.js:10:24)\n","name":"J:\\workspace\\truxco\\tests\\generated\\Search.test.js","startTime":1753186679823,"status":"failed","summary":""},{"assertionResults":[{"ancestorTitles":["GET https://api.beebus.live/client/google-places?input=London"],"duration":428,"failing":false,"failureDetails":[],"failureMessages":[],"fullName":"GET https://api.beebus.live/client/google-places?input=London should return status 200 and match expected structure","invocations":1,"location":null,"numPassingAsserts":2,"retryReasons":[],"startAt":1753186680237,"status":"passed","title":"should return status 200 and match expected structure"}],"endTime":1753186680667,"message":"","name":"J:\\workspace\\truxco\\tests\\generated\\GooglePlaces.test.js","startTime":1753186680194,"status":"passed","summary":""}],"wasInterrupted":false}
